2025-02-23T22:00:52.310801700 === MLB API Health Check Started ===
2025-02-23T22:00:52.519714600 ✅ Hitter Stats → Success (200)
2025-02-23T22:00:52.524711300 ✅ Pitcher Stats → Success (200)
2025-02-23T22:00:52.531709900 ✅ NL Standings → Success (200)
2025-02-23T22:00:52.537381600 ✅ AL Standings → Success (200)
2025-02-23T22:00:52.538383 === MLB API Health Check Completed ===
2025-06-08T08:34:09.984303500 === MLB API Health Check Started ===
2025-06-08T08:34:10.037369900 ✅ Hitter Stats → Success (200)
2025-06-08T08:34:10.037369900 ✅ Pitcher Stats → Success (200)
2025-06-08T08:34:10.050485700 ✅ NL Standings → Success (200)
2025-06-08T08:34:10.050485700 ✅ AL Standings → Success (200)
2025-06-08T08:34:10.050485700 === MLB API Health Check Completed ===
2025-11-30T08:00:00.013630900 === MLB API Health Check Started ===
2025-11-30T08:00:00.036226300 ✅ Hitter Stats → Success (200)
2025-11-30T08:00:00.041225700 ✅ Pitcher Stats → Success (200)
2025-11-30T08:00:00.044227600 ✅ NL Standings → Success (200)
2025-11-30T08:00:00.053229800 ✅ AL Standings → Success (200)
2025-11-30T08:00:00.055226700 === MLB API Health Check Completed ===
2025-12-07T08:00:00.017460300 === MLB API Health Check Started ===
2025-12-07T08:00:00.034043100 ✅ Hitter Stats → Success (200)
2025-12-07T08:00:00.036084700 ✅ Pitcher Stats → Success (200)
2025-12-07T08:00:00.038154200 ✅ NL Standings → Success (200)
2025-12-07T08:00:00.039434400 ✅ AL Standings → Success (200)
2025-12-07T08:00:00.039434400 === MLB API Health Check Completed ===
2025-12-27T08:00:03.429763800 === MLB API Health Check Started ===
2025-12-27T08:00:05.617299100 ✅ Hitter Stats → Success (200)
2025-12-27T08:00:05.632974300 ✅ Pitcher Stats → Success (200)
2025-12-27T08:00:05.632974300 ✅ NL Standings → Success (200)
2025-12-27T08:00:05.649917400 ✅ AL Standings → Success (200)
2025-12-27T08:00:05.649917400 === MLB API Health Check Completed ===
2025-12-31T08:00:00.024049800 === MLB API Health Check Started ===
2025-12-31T08:00:00.042049 ✅ Hitter Stats → Success (200)
2025-12-31T08:00:00.045054500 ✅ Pitcher Stats → Success (200)
2025-12-31T08:00:00.049058 ✅ NL Standings → Success (200)
2025-12-31T08:00:00.054050100 ✅ AL Standings → Success (200)
2025-12-31T08:00:00.054050100 === MLB API Health Check Completed ===
2026-01-13T21:01:03.148172100 === MLB API Health Check Started ===
2026-01-13T21:01:03.359015800 ✅ Hitter Stats → Success (200)
2026-01-13T21:01:03.366428400 ✅ Pitcher Stats → Success (200)
2026-01-13T21:01:03.372935500 ✅ NL Standings → Success (200)
2026-01-13T21:01:03.376891900 ✅ AL Standings → Success (200)
2026-01-13T21:01:03.382603900 === MLB API Health Check Completed ===
2026-01-14T20:06:11.905137900 === MLB API Health Check Started ===
2026-01-14T20:06:12.157739600 ✅ Hitter Stats → Success (200)
2026-01-14T20:06:12.159753 ✅ Pitcher Stats → Success (200)
2026-01-14T20:06:12.169846900 ✅ NL Standings → Success (200)
2026-01-14T20:06:12.172456500 ✅ AL Standings → Success (200)
2026-01-14T20:06:12.176279700 === MLB API Health Check Completed ===
2026-01-31T12:52:56.161979100 === MLB API Health Check Started ===
2026-02-01T13:11:47.555269 === MLB API Health Check Started ===
2026-02-02T08:00:00.022550400 === MLB API Health Check Started ===
2026-02-03T21:26:29.118324100 === MLB API Health Check Started ===
2026-02-03T21:26:29.133483100 ✅ Hitter Stats → Success (200)
2026-02-03T21:26:29.141878800 ✅ Pitcher Stats → Success (200)
2026-02-03T21:26:29.151047300 ✅ NL Standings → Success (200)
2026-02-03T21:26:29.151047300 ✅ AL Standings → Success (200)
2026-02-03T21:26:29.151047300 === MLB API Health Check Completed ===
2026-02-04T19:08:48.000684700 === MLB API Health Check Started ===
2026-02-08T08:00:00.010524700 === MLB API Health Check Started ===
2026-02-08T08:00:00.030794600 ✅ Hitter Stats → Success (200)
2026-02-08T08:00:00.034812700 ✅ Pitcher Stats → Success (200)
2026-02-08T08:00:00.038534 ✅ NL Standings → Success (200)
2026-02-08T08:00:00.040556 ✅ AL Standings → Success (200)
2026-02-08T08:00:00.041555300 === MLB API Health Check Completed ===
2026-02-15T18:24:23.562252500 === MLB API Health Check Started ===
2026-03-02T13:43:11.196199 === MLB API Health Check Started ===
2026-03-06T07:59:52.816574400 === MLB API Health Check Started ===
2026-03-07T08:00:00.019525700 === MLB API Health Check Started ===
2026-03-07T08:00:00.052496100 ✅ Hitter Stats → Success (200)
2026-03-07T08:00:00.060713600 ✅ Pitcher Stats → Success (200)
2026-03-07T08:00:00.060713600 ✅ NL Standings → Success (200)
2026-03-07T08:00:00.068222300 ✅ AL Standings → Success (200)
2026-03-07T08:00:00.072901500 === MLB API Health Check Completed ===
2026-03-17T08:00:00.043294100 === MLB API Health Check Started ===
2026-03-18T13:40:51.642480300 === MLB API Health Check Started ===
2026-03-28T08:00:00.008512900 === MLB API Health Check Started ===
2026-03-28T08:00:00.030911500 ✅ Hitter Stats → Success (200)
2026-03-28T08:00:00.030911500 ✅ Pitcher Stats → Success (200)
2026-03-28T08:00:00.030911500 ✅ NL Standings → Success (200)
2026-03-28T08:00:00.040679800 ✅ AL Standings → Success (200)
2026-03-28T08:00:00.052725500 === MLB API Health Check Completed ===
2026-03-29T12:53:13.056331300 === MLB API Health Check Started ===
2026-03-29T12:53:13.617221 ✅ Hitter Stats → Success (200)
2026-03-29T12:53:13.623666400 ✅ Pitcher Stats → Success (200)
2026-03-29T12:53:13.626873600 ✅ NL Standings → Success (200)
2026-03-29T12:53:13.632970900 ✅ AL Standings → Success (200)
2026-03-29T12:53:13.638041900 === MLB API Health Check Completed ===
2026-04-01T20:42:45.803499500 === MLB API Health Check Started ===
2026-04-01T20:42:46.280658300 ✅ Hitter Stats → Success (200)
2026-04-01T20:42:46.291559800 ✅ Pitcher Stats → Success (200)
2026-04-01T20:42:46.302800 ✅ NL Standings → Success (200)
2026-04-01T20:42:46.313882600 ✅ AL Standings → Success (200)
2026-04-01T20:42:46.315040600 === MLB API Health Check Completed ===
2026-04-05T08:00:00.012407800 === MLB API Health Check Started ===
2026-04-07T19:37:38.081817900 === MLB API Health Check Started ===
2026-04-07T19:37:38.224061900 ✅ Hitter Stats → Success (200)
2026-04-07T19:37:38.224061900 ✅ Pitcher Stats → Success (200)
2026-04-07T19:37:38.224061900 ✅ NL Standings → Success (200)
2026-04-07T19:37:38.239968800 ✅ AL Standings → Success (200)
2026-04-07T19:37:38.239968800 === MLB API Health Check Completed ===
2026-04-08T19:43:42.252706500 === MLB API Health Check Started ===
2026-04-08T19:43:42.432629100 ✅ Hitter Stats → Success (200)
2026-04-08T19:43:42.438629600 ✅ Pitcher Stats → Success (200)
2026-04-08T19:43:42.443629800 ✅ NL Standings → Success (200)
2026-04-08T19:43:42.448629600 ✅ AL Standings → Success (200)
2026-04-08T19:43:42.449630200 === MLB API Health Check Completed ===
2026-04-09T19:53:47.081983800 === MLB API Health Check Started ===
2026-04-11T10:22:41.051431800 === MLB API Health Check Started ===
2026-04-11T10:22:41.067545100 ✅ Hitter Stats → Success (200)
2026-04-11T10:22:41.070547200 ✅ Pitcher Stats → Success (200)
2026-04-11T10:22:41.075546 ✅ NL Standings → Success (200)
2026-04-11T10:22:41.079545900 ✅ AL Standings → Success (200)
2026-04-11T10:22:41.079545900 === MLB API Health Check Completed ===
2026-04-25T08:00:00.010264200 === MLB API Health Check Started ===
2026-04-25T08:00:00.032264200 ✅ Hitter Stats → Success (200)
2026-04-25T08:00:00.036264400 ✅ Pitcher Stats → Success (200)
2026-04-25T08:00:00.039265700 ✅ NL Standings → Success (200)
2026-04-25T08:00:00.041264 ✅ AL Standings → Success (200)
2026-04-25T08:00:00.042265500 === MLB API Health Check Completed ===
2026-05-06T08:00:00.020467500 === MLB API Health Check Started ===
2026-05-06T08:00:00.043412600 ✅ Hitter Stats → Success (200)
2026-05-06T08:00:00.044414700 ✅ Pitcher Stats → Success (200)
2026-05-06T08:00:00.044414700 ✅ NL Standings → Success (200)
2026-05-06T08:00:00.044414700 ✅ AL Standings → Success (200)
2026-05-06T08:00:00.044414700 === MLB API Health Check Completed ===
2026-05-09T12:11:33.882412800 === MLB API Health Check Started ===
2026-05-09T12:11:34.057934500 ✅ Hitter Stats → Success (200)
2026-05-09T12:11:34.063227100 ✅ Pitcher Stats → Success (200)
2026-05-09T12:11:34.067241400 ✅ NL Standings → Success (200)
2026-05-09T12:11:34.071240900 ✅ AL Standings → Success (200)
2026-05-09T12:11:34.072241300 === MLB API Health Check Completed ===
2026-05-10T08:29:17.826522900 === MLB API Health Check Started ===
2026-05-10T08:29:17.943763800 ✅ Hitter Stats → Success (200)
2026-05-10T08:29:17.945765700 ✅ Pitcher Stats → Success (200)
2026-05-10T08:29:17.953959 ✅ NL Standings → Success (200)
2026-05-10T08:29:17.953959 ✅ AL Standings → Success (200)
2026-05-10T08:29:17.953959 === MLB API Health Check Completed ===
2026-05-15T14:02:50.469850500 === MLB API Health Check Started ===
2026-05-16T08:00:06.078971200 === MLB API Health Check Started ===
2026-05-16T08:00:06.110990300 ✅ Hitter Stats → Success (200)
2026-05-16T08:00:06.110990300 ✅ Pitcher Stats → Success (200)
2026-05-16T08:00:06.110990300 ✅ NL Standings → Success (200)
2026-05-16T08:00:06.110990300 ✅ AL Standings → Success (200)
2026-05-16T08:00:06.110990300 === MLB API Health Check Completed ===
